<?xml version="1.0" encoding="UTF-8"?>
<testng-results skipped="3" failed="0" ignored="0" total="3" passed="0">
  <reporter-output>
  </reporter-output>
  <suite name="Default suite" duration-ms="26534" started-at="2021-07-30T14:24:14 IST" finished-at="2021-07-30T14:24:41 IST">
    <groups>
    </groups>
    <test name="Default test" duration-ms="26534" started-at="2021-07-30T14:24:14 IST" finished-at="2021-07-30T14:24:41 IST">
      <class name="com.dataProviderExample.DataProviderExample">
        <test-method status="FAIL" signature="setup()[pri:0, instance:com.dataProviderExample.DataProviderExample@646d64ab]" name="setup" is-config="true" duration-ms="24974" started-at="2021-07-30T14:24:15 IST" finished-at="2021-07-30T14:24:40 IST">
          <exception class="org.openqa.selenium.SessionNotCreatedException">
            <message>
              <![CDATA[session not created: This version of ChromeDriver only supports Chrome version 90
Current browser version is 92.0.4515.107 with binary path C:\Program Files (x86)\Google\Chrome\Application\chrome.exe
Build info: version: '3.141.59', revision: 'e82be7d358', time: '2018-11-14T08:25:53'
System info: host: 'NAGARAJ-PC', ip: '192.168.43.97', os.name: 'Windows 7', os.arch: 'amd64', os.version: '6.1', java.version: '1.8.0_201'
Driver info: driver.version: ChromeDriver
remote stacktrace: Backtrace:
Ordinal0 [0x00E0C013+2474003]
Ordinal0 [0x00DA29C1+2042305]
Ordinal0 [0x00CB2F68+1060712]
Ordinal0 [0x00CD188E+1185934]
Ordinal0 [0x00CCD600+1168896]
Ordinal0 [0x00CCAA83+1157763]
Ordinal0 [0x00CFA2A2+1352354]
Ordinal0 [0x00CF8FAA+1347498]
Ordinal0 [0x00CF66DB+1337051]
Ordinal0 [0x00CD3427+1192999]
Ordinal0 [0x00CD42EE+1196782]
Ordinal0 [0x00CD4279+1196665]
GetHandleVerifier [0x00F996FC+1590332]
GetHandleVerifier [0x01048614+2306900]
GetHandleVerifier [0x00E99E93+543699]
GetHandleVerifier [0x00E992CE+540686]
Ordinal0 [0x00DA86BA+2066106]
Ordinal0 [0x00DAD1C8+2085320]
Ordinal0 [0x00DAD308+2085640]
Ordinal0 [0x00DB67F3+2123763]
BaseThreadInitThunk [0x74BC33AA+18]
RtlInitializeExceptionChain [0x77029F72+99]
RtlInitializeExceptionChain [0x77029F45+54]
]]>
            </message>
            <full-stacktrace>
              <![CDATA[org.openqa.selenium.SessionNotCreatedException: session not created: This version of ChromeDriver only supports Chrome version 90
Current browser version is 92.0.4515.107 with binary path C:\Program Files (x86)\Google\Chrome\Application\chrome.exe
Build info: version: '3.141.59', revision: 'e82be7d358', time: '2018-11-14T08:25:53'
System info: host: 'NAGARAJ-PC', ip: '192.168.43.97', os.name: 'Windows 7', os.arch: 'amd64', os.version: '6.1', java.version: '1.8.0_201'
Driver info: driver.version: ChromeDriver
remote stacktrace: Backtrace:
Ordinal0 [0x00E0C013+2474003]
Ordinal0 [0x00DA29C1+2042305]
Ordinal0 [0x00CB2F68+1060712]
Ordinal0 [0x00CD188E+1185934]
Ordinal0 [0x00CCD600+1168896]
Ordinal0 [0x00CCAA83+1157763]
Ordinal0 [0x00CFA2A2+1352354]
Ordinal0 [0x00CF8FAA+1347498]
Ordinal0 [0x00CF66DB+1337051]
Ordinal0 [0x00CD3427+1192999]
Ordinal0 [0x00CD42EE+1196782]
Ordinal0 [0x00CD4279+1196665]
GetHandleVerifier [0x00F996FC+1590332]
GetHandleVerifier [0x01048614+2306900]
GetHandleVerifier [0x00E99E93+543699]
GetHandleVerifier [0x00E992CE+540686]
Ordinal0 [0x00DA86BA+2066106]
Ordinal0 [0x00DAD1C8+2085320]
Ordinal0 [0x00DAD308+2085640]
Ordinal0 [0x00DB67F3+2123763]
BaseThreadInitThunk [0x74BC33AA+18]
RtlInitializeExceptionChain [0x77029F72+99]
RtlInitializeExceptionChain [0x77029F45+54]

at sun.reflect.NativeConstructorAccessorImpl.newInstance0(Native Method)
at sun.reflect.NativeConstructorAccessorImpl.newInstance(Unknown Source)
at sun.reflect.DelegatingConstructorAccessorImpl.newInstance(Unknown Source)
at java.lang.reflect.Constructor.newInstance(Unknown Source)
at org.openqa.selenium.remote.W3CHandshakeResponse.lambda$errorHandler$0(W3CHandshakeResponse.java:62)
at org.openqa.selenium.remote.HandshakeResponse.lambda$getResponseFunction$0(HandshakeResponse.java:30)
at org.openqa.selenium.remote.ProtocolHandshake.lambda$createSession$0(ProtocolHandshake.java:126)
at java.util.stream.ReferencePipeline$3$1.accept(Unknown Source)
at java.util.Spliterators$ArraySpliterator.tryAdvance(Unknown Source)
at java.util.stream.ReferencePipeline.forEachWithCancel(Unknown Source)
at java.util.stream.AbstractPipeline.copyIntoWithCancel(Unknown Source)
at java.util.stream.AbstractPipeline.copyInto(Unknown Source)
at java.util.stream.AbstractPipeline.wrapAndCopyInto(Unknown Source)
at java.util.stream.FindOps$FindOp.evaluateSequential(Unknown Source)
at java.util.stream.AbstractPipeline.evaluate(Unknown Source)
at java.util.stream.ReferencePipeline.findFirst(Unknown Source)
at org.openqa.selenium.remote.ProtocolHandshake.createSession(ProtocolHandshake.java:128)
at org.openqa.selenium.remote.ProtocolHandshake.createSession(ProtocolHandshake.java:74)
at org.openqa.selenium.remote.HttpCommandExecutor.execute(HttpCommandExecutor.java:136)
at org.openqa.selenium.remote.service.DriverCommandExecutor.execute(DriverCommandExecutor.java:83)
at org.openqa.selenium.remote.RemoteWebDriver.execute(RemoteWebDriver.java:552)
at org.openqa.selenium.remote.RemoteWebDriver.startSession(RemoteWebDriver.java:213)
at org.openqa.selenium.remote.RemoteWebDriver.<init>(RemoteWebDriver.java:131)
at org.openqa.selenium.chrome.ChromeDriver.<init>(ChromeDriver.java:181)
at org.openqa.selenium.chrome.ChromeDriver.<init>(ChromeDriver.java:168)
at org.openqa.selenium.chrome.ChromeDriver.<init>(ChromeDriver.java:123)
at com.dataProviderExample.DataProviderExample.setup(DataProviderExample.java:24)
at sun.reflect.NativeMethodAccessorImpl.invoke0(Native Method)
at sun.reflect.NativeMethodAccessorImpl.invoke(Unknown Source)
at sun.reflect.DelegatingMethodAccessorImpl.invoke(Unknown Source)
at java.lang.reflect.Method.invoke(Unknown Source)
at org.testng.internal.MethodInvocationHelper.invokeMethod(MethodInvocationHelper.java:133)
at org.testng.internal.MethodInvocationHelper.invokeMethodConsideringTimeout(MethodInvocationHelper.java:62)
at org.testng.internal.ConfigInvoker.invokeConfigurationMethod(ConfigInvoker.java:385)
at org.testng.internal.ConfigInvoker.invokeConfigurations(ConfigInvoker.java:321)
at org.testng.internal.TestInvoker.runConfigMethods(TestInvoker.java:700)
at org.testng.internal.TestInvoker.invokeMethod(TestInvoker.java:527)
at org.testng.internal.TestInvoker.invokeTestMethod(TestInvoker.java:173)
at org.testng.internal.MethodRunner.runInSequence(MethodRunner.java:46)
at org.testng.internal.TestInvoker$MethodInvocationAgent.invoke(TestInvoker.java:824)
at org.testng.internal.TestInvoker.invokeTestMethods(TestInvoker.java:146)
at org.testng.internal.TestMethodWorker.invokeTestMethods(TestMethodWorker.java:146)
at org.testng.internal.TestMethodWorker.run(TestMethodWorker.java:128)
at java.util.ArrayList.forEach(Unknown Source)
at org.testng.TestRunner.privateRun(TestRunner.java:794)
at org.testng.TestRunner.run(TestRunner.java:596)
at org.testng.SuiteRunner.runTest(SuiteRunner.java:377)
at org.testng.SuiteRunner.runSequentially(SuiteRunner.java:371)
at org.testng.SuiteRunner.privateRun(SuiteRunner.java:332)
at org.testng.SuiteRunner.run(SuiteRunner.java:276)
at org.testng.SuiteRunnerWorker.runSuite(SuiteRunnerWorker.java:53)
at org.testng.SuiteRunnerWorker.run(SuiteRunnerWorker.java:96)
at org.testng.TestNG.runSuitesSequentially(TestNG.java:1212)
at org.testng.TestNG.runSuitesLocally(TestNG.java:1134)
at org.testng.TestNG.runSuites(TestNG.java:1063)
at org.testng.TestNG.run(TestNG.java:1031)
at org.testng.remote.AbstractRemoteTestNG.run(AbstractRemoteTestNG.java:115)
at org.testng.remote.RemoteTestNG.initAndRun(RemoteTestNG.java:251)
at org.testng.remote.RemoteTestNG.main(RemoteTestNG.java:77)
]]>
            </full-stacktrace>
          </exception> <!-- org.openqa.selenium.SessionNotCreatedException -->
          <reporter-output>
          </reporter-output>
        </test-method> <!-- setup -->
        <test-method status="SKIP" signature="facebookLoginPage(java.lang.String,java.lang.String)[pri:0, instance:com.dataProviderExample.DataProviderExample@646d64ab]" name="facebookLoginPage" duration-ms="0" started-at="2021-07-30T14:24:40 IST" data-provider="dataFromExcel" finished-at="2021-07-30T14:24:40 IST">
          <params>
            <param index="0">
              <value>
                <![CDATA[raj]]>
              </value>
            </param>
            <param index="1">
              <value>
                <![CDATA[kuma]]>
              </value>
            </param>
          </params>
          <exception class="org.openqa.selenium.SessionNotCreatedException">
            <message>
              <![CDATA[session not created: This version of ChromeDriver only supports Chrome version 90
Current browser version is 92.0.4515.107 with binary path C:\Program Files (x86)\Google\Chrome\Application\chrome.exe
Build info: version: '3.141.59', revision: 'e82be7d358', time: '2018-11-14T08:25:53'
System info: host: 'NAGARAJ-PC', ip: '192.168.43.97', os.name: 'Windows 7', os.arch: 'amd64', os.version: '6.1', java.version: '1.8.0_201'
Driver info: driver.version: ChromeDriver
remote stacktrace: Backtrace:
Ordinal0 [0x00E0C013+2474003]
Ordinal0 [0x00DA29C1+2042305]
Ordinal0 [0x00CB2F68+1060712]
Ordinal0 [0x00CD188E+1185934]
Ordinal0 [0x00CCD600+1168896]
Ordinal0 [0x00CCAA83+1157763]
Ordinal0 [0x00CFA2A2+1352354]
Ordinal0 [0x00CF8FAA+1347498]
Ordinal0 [0x00CF66DB+1337051]
Ordinal0 [0x00CD3427+1192999]
Ordinal0 [0x00CD42EE+1196782]
Ordinal0 [0x00CD4279+1196665]
GetHandleVerifier [0x00F996FC+1590332]
GetHandleVerifier [0x01048614+2306900]
GetHandleVerifier [0x00E99E93+543699]
GetHandleVerifier [0x00E992CE+540686]
Ordinal0 [0x00DA86BA+2066106]
Ordinal0 [0x00DAD1C8+2085320]
Ordinal0 [0x00DAD308+2085640]
Ordinal0 [0x00DB67F3+2123763]
BaseThreadInitThunk [0x74BC33AA+18]
RtlInitializeExceptionChain [0x77029F72+99]
RtlInitializeExceptionChain [0x77029F45+54]
]]>
            </message>
            <full-stacktrace>
              <![CDATA[org.openqa.selenium.SessionNotCreatedException: session not created: This version of ChromeDriver only supports Chrome version 90
Current browser version is 92.0.4515.107 with binary path C:\Program Files (x86)\Google\Chrome\Application\chrome.exe
Build info: version: '3.141.59', revision: 'e82be7d358', time: '2018-11-14T08:25:53'
System info: host: 'NAGARAJ-PC', ip: '192.168.43.97', os.name: 'Windows 7', os.arch: 'amd64', os.version: '6.1', java.version: '1.8.0_201'
Driver info: driver.version: ChromeDriver
remote stacktrace: Backtrace:
Ordinal0 [0x00E0C013+2474003]
Ordinal0 [0x00DA29C1+2042305]
Ordinal0 [0x00CB2F68+1060712]
Ordinal0 [0x00CD188E+1185934]
Ordinal0 [0x00CCD600+1168896]
Ordinal0 [0x00CCAA83+1157763]
Ordinal0 [0x00CFA2A2+1352354]
Ordinal0 [0x00CF8FAA+1347498]
Ordinal0 [0x00CF66DB+1337051]
Ordinal0 [0x00CD3427+1192999]
Ordinal0 [0x00CD42EE+1196782]
Ordinal0 [0x00CD4279+1196665]
GetHandleVerifier [0x00F996FC+1590332]
GetHandleVerifier [0x01048614+2306900]
GetHandleVerifier [0x00E99E93+543699]
GetHandleVerifier [0x00E992CE+540686]
Ordinal0 [0x00DA86BA+2066106]
Ordinal0 [0x00DAD1C8+2085320]
Ordinal0 [0x00DAD308+2085640]
Ordinal0 [0x00DB67F3+2123763]
BaseThreadInitThunk [0x74BC33AA+18]
RtlInitializeExceptionChain [0x77029F72+99]
RtlInitializeExceptionChain [0x77029F45+54]

at sun.reflect.NativeConstructorAccessorImpl.newInstance0(Native Method)
at sun.reflect.NativeConstructorAccessorImpl.newInstance(Unknown Source)
at sun.reflect.DelegatingConstructorAccessorImpl.newInstance(Unknown Source)
at java.lang.reflect.Constructor.newInstance(Unknown Source)
at org.openqa.selenium.remote.W3CHandshakeResponse.lambda$errorHandler$0(W3CHandshakeResponse.java:62)
at org.openqa.selenium.remote.HandshakeResponse.lambda$getResponseFunction$0(HandshakeResponse.java:30)
at org.openqa.selenium.remote.ProtocolHandshake.lambda$createSession$0(ProtocolHandshake.java:126)
at java.util.stream.ReferencePipeline$3$1.accept(Unknown Source)
at java.util.Spliterators$ArraySpliterator.tryAdvance(Unknown Source)
at java.util.stream.ReferencePipeline.forEachWithCancel(Unknown Source)
at java.util.stream.AbstractPipeline.copyIntoWithCancel(Unknown Source)
at java.util.stream.AbstractPipeline.copyInto(Unknown Source)
at java.util.stream.AbstractPipeline.wrapAndCopyInto(Unknown Source)
at java.util.stream.FindOps$FindOp.evaluateSequential(Unknown Source)
at java.util.stream.AbstractPipeline.evaluate(Unknown Source)
at java.util.stream.ReferencePipeline.findFirst(Unknown Source)
at org.openqa.selenium.remote.ProtocolHandshake.createSession(ProtocolHandshake.java:128)
at org.openqa.selenium.remote.ProtocolHandshake.createSession(ProtocolHandshake.java:74)
at org.openqa.selenium.remote.HttpCommandExecutor.execute(HttpCommandExecutor.java:136)
at org.openqa.selenium.remote.service.DriverCommandExecutor.execute(DriverCommandExecutor.java:83)
at org.openqa.selenium.remote.RemoteWebDriver.execute(RemoteWebDriver.java:552)
at org.openqa.selenium.remote.RemoteWebDriver.startSession(RemoteWebDriver.java:213)
at org.openqa.selenium.remote.RemoteWebDriver.<init>(RemoteWebDriver.java:131)
at org.openqa.selenium.chrome.ChromeDriver.<init>(ChromeDriver.java:181)
at org.openqa.selenium.chrome.ChromeDriver.<init>(ChromeDriver.java:168)
at org.openqa.selenium.chrome.ChromeDriver.<init>(ChromeDriver.java:123)
at com.dataProviderExample.DataProviderExample.setup(DataProviderExample.java:24)
at sun.reflect.NativeMethodAccessorImpl.invoke0(Native Method)
at sun.reflect.NativeMethodAccessorImpl.invoke(Unknown Source)
at sun.reflect.DelegatingMethodAccessorImpl.invoke(Unknown Source)
at java.lang.reflect.Method.invoke(Unknown Source)
at org.testng.internal.MethodInvocationHelper.invokeMethod(MethodInvocationHelper.java:133)
at org.testng.internal.MethodInvocationHelper.invokeMethodConsideringTimeout(MethodInvocationHelper.java:62)
at org.testng.internal.ConfigInvoker.invokeConfigurationMethod(ConfigInvoker.java:385)
at org.testng.internal.ConfigInvoker.invokeConfigurations(ConfigInvoker.java:321)
at org.testng.internal.TestInvoker.runConfigMethods(TestInvoker.java:700)
at org.testng.internal.TestInvoker.invokeMethod(TestInvoker.java:527)
at org.testng.internal.TestInvoker.invokeTestMethod(TestInvoker.java:173)
at org.testng.internal.MethodRunner.runInSequence(MethodRunner.java:46)
at org.testng.internal.TestInvoker$MethodInvocationAgent.invoke(TestInvoker.java:824)
at org.testng.internal.TestInvoker.invokeTestMethods(TestInvoker.java:146)
at org.testng.internal.TestMethodWorker.invokeTestMethods(TestMethodWorker.java:146)
at org.testng.internal.TestMethodWorker.run(TestMethodWorker.java:128)
at java.util.ArrayList.forEach(Unknown Source)
at org.testng.TestRunner.privateRun(TestRunner.java:794)
at org.testng.TestRunner.run(TestRunner.java:596)
at org.testng.SuiteRunner.runTest(SuiteRunner.java:377)
at org.testng.SuiteRunner.runSequentially(SuiteRunner.java:371)
at org.testng.SuiteRunner.privateRun(SuiteRunner.java:332)
at org.testng.SuiteRunner.run(SuiteRunner.java:276)
at org.testng.SuiteRunnerWorker.runSuite(SuiteRunnerWorker.java:53)
at org.testng.SuiteRunnerWorker.run(SuiteRunnerWorker.java:96)
at org.testng.TestNG.runSuitesSequentially(TestNG.java:1212)
at org.testng.TestNG.runSuitesLocally(TestNG.java:1134)
at org.testng.TestNG.runSuites(TestNG.java:1063)
at org.testng.TestNG.run(TestNG.java:1031)
at org.testng.remote.AbstractRemoteTestNG.run(AbstractRemoteTestNG.java:115)
at org.testng.remote.RemoteTestNG.initAndRun(RemoteTestNG.java:251)
at org.testng.remote.RemoteTestNG.main(RemoteTestNG.java:77)
]]>
            </full-stacktrace>
          </exception> <!-- org.openqa.selenium.SessionNotCreatedException -->
          <reporter-output>
          </reporter-output>
        </test-method> <!-- facebookLoginPage -->
        <test-method status="SKIP" signature="closing()[pri:0, instance:com.dataProviderExample.DataProviderExample@646d64ab]" name="closing" is-config="true" duration-ms="-1627635280991" started-at="2021-07-30T14:24:40 IST" finished-at="1970-01-01T05:30:00 IST">
          <reporter-output>
          </reporter-output>
        </test-method> <!-- closing -->
        <test-method status="SKIP" signature="setup()[pri:0, instance:com.dataProviderExample.DataProviderExample@646d64ab]" name="setup" is-config="true" duration-ms="-1627635280996" started-at="2021-07-30T14:24:40 IST" finished-at="1970-01-01T05:30:00 IST">
          <reporter-output>
          </reporter-output>
        </test-method> <!-- setup -->
        <test-method status="SKIP" signature="facebookLoginPage(java.lang.String,java.lang.String)[pri:0, instance:com.dataProviderExample.DataProviderExample@646d64ab]" name="facebookLoginPage" duration-ms="0" started-at="2021-07-30T14:24:40 IST" data-provider="dataFromExcel" finished-at="2021-07-30T14:24:40 IST">
          <params>
            <param index="0">
              <value>
                <![CDATA[naga]]>
              </value>
            </param>
            <param index="1">
              <value>
                <![CDATA[raja]]>
              </value>
            </param>
          </params>
          <exception class="org.openqa.selenium.SessionNotCreatedException">
            <message>
              <![CDATA[session not created: This version of ChromeDriver only supports Chrome version 90
Current browser version is 92.0.4515.107 with binary path C:\Program Files (x86)\Google\Chrome\Application\chrome.exe
Build info: version: '3.141.59', revision: 'e82be7d358', time: '2018-11-14T08:25:53'
System info: host: 'NAGARAJ-PC', ip: '192.168.43.97', os.name: 'Windows 7', os.arch: 'amd64', os.version: '6.1', java.version: '1.8.0_201'
Driver info: driver.version: ChromeDriver
remote stacktrace: Backtrace:
Ordinal0 [0x00E0C013+2474003]
Ordinal0 [0x00DA29C1+2042305]
Ordinal0 [0x00CB2F68+1060712]
Ordinal0 [0x00CD188E+1185934]
Ordinal0 [0x00CCD600+1168896]
Ordinal0 [0x00CCAA83+1157763]
Ordinal0 [0x00CFA2A2+1352354]
Ordinal0 [0x00CF8FAA+1347498]
Ordinal0 [0x00CF66DB+1337051]
Ordinal0 [0x00CD3427+1192999]
Ordinal0 [0x00CD42EE+1196782]
Ordinal0 [0x00CD4279+1196665]
GetHandleVerifier [0x00F996FC+1590332]
GetHandleVerifier [0x01048614+2306900]
GetHandleVerifier [0x00E99E93+543699]
GetHandleVerifier [0x00E992CE+540686]
Ordinal0 [0x00DA86BA+2066106]
Ordinal0 [0x00DAD1C8+2085320]
Ordinal0 [0x00DAD308+2085640]
Ordinal0 [0x00DB67F3+2123763]
BaseThreadInitThunk [0x74BC33AA+18]
RtlInitializeExceptionChain [0x77029F72+99]
RtlInitializeExceptionChain [0x77029F45+54]
]]>
            </message>
            <full-stacktrace>
              <![CDATA[org.openqa.selenium.SessionNotCreatedException: session not created: This version of ChromeDriver only supports Chrome version 90
Current browser version is 92.0.4515.107 with binary path C:\Program Files (x86)\Google\Chrome\Application\chrome.exe
Build info: version: '3.141.59', revision: 'e82be7d358', time: '2018-11-14T08:25:53'
System info: host: 'NAGARAJ-PC', ip: '192.168.43.97', os.name: 'Windows 7', os.arch: 'amd64', os.version: '6.1', java.version: '1.8.0_201'
Driver info: driver.version: ChromeDriver
remote stacktrace: Backtrace:
Ordinal0 [0x00E0C013+2474003]
Ordinal0 [0x00DA29C1+2042305]
Ordinal0 [0x00CB2F68+1060712]
Ordinal0 [0x00CD188E+1185934]
Ordinal0 [0x00CCD600+1168896]
Ordinal0 [0x00CCAA83+1157763]
Ordinal0 [0x00CFA2A2+1352354]
Ordinal0 [0x00CF8FAA+1347498]
Ordinal0 [0x00CF66DB+1337051]
Ordinal0 [0x00CD3427+1192999]
Ordinal0 [0x00CD42EE+1196782]
Ordinal0 [0x00CD4279+1196665]
GetHandleVerifier [0x00F996FC+1590332]
GetHandleVerifier [0x01048614+2306900]
GetHandleVerifier [0x00E99E93+543699]
GetHandleVerifier [0x00E992CE+540686]
Ordinal0 [0x00DA86BA+2066106]
Ordinal0 [0x00DAD1C8+2085320]
Ordinal0 [0x00DAD308+2085640]
Ordinal0 [0x00DB67F3+2123763]
BaseThreadInitThunk [0x74BC33AA+18]
RtlInitializeExceptionChain [0x77029F72+99]
RtlInitializeExceptionChain [0x77029F45+54]

at sun.reflect.NativeConstructorAccessorImpl.newInstance0(Native Method)
at sun.reflect.NativeConstructorAccessorImpl.newInstance(Unknown Source)
at sun.reflect.DelegatingConstructorAccessorImpl.newInstance(Unknown Source)
at java.lang.reflect.Constructor.newInstance(Unknown Source)
at org.openqa.selenium.remote.W3CHandshakeResponse.lambda$errorHandler$0(W3CHandshakeResponse.java:62)
at org.openqa.selenium.remote.HandshakeResponse.lambda$getResponseFunction$0(HandshakeResponse.java:30)
at org.openqa.selenium.remote.ProtocolHandshake.lambda$createSession$0(ProtocolHandshake.java:126)
at java.util.stream.ReferencePipeline$3$1.accept(Unknown Source)
at java.util.Spliterators$ArraySpliterator.tryAdvance(Unknown Source)
at java.util.stream.ReferencePipeline.forEachWithCancel(Unknown Source)
at java.util.stream.AbstractPipeline.copyIntoWithCancel(Unknown Source)
at java.util.stream.AbstractPipeline.copyInto(Unknown Source)
at java.util.stream.AbstractPipeline.wrapAndCopyInto(Unknown Source)
at java.util.stream.FindOps$FindOp.evaluateSequential(Unknown Source)
at java.util.stream.AbstractPipeline.evaluate(Unknown Source)
at java.util.stream.ReferencePipeline.findFirst(Unknown Source)
at org.openqa.selenium.remote.ProtocolHandshake.createSession(ProtocolHandshake.java:128)
at org.openqa.selenium.remote.ProtocolHandshake.createSession(ProtocolHandshake.java:74)
at org.openqa.selenium.remote.HttpCommandExecutor.execute(HttpCommandExecutor.java:136)
at org.openqa.selenium.remote.service.DriverCommandExecutor.execute(DriverCommandExecutor.java:83)
at org.openqa.selenium.remote.RemoteWebDriver.execute(RemoteWebDriver.java:552)
at org.openqa.selenium.remote.RemoteWebDriver.startSession(RemoteWebDriver.java:213)
at org.openqa.selenium.remote.RemoteWebDriver.<init>(RemoteWebDriver.java:131)
at org.openqa.selenium.chrome.ChromeDriver.<init>(ChromeDriver.java:181)
at org.openqa.selenium.chrome.ChromeDriver.<init>(ChromeDriver.java:168)
at org.openqa.selenium.chrome.ChromeDriver.<init>(ChromeDriver.java:123)
at com.dataProviderExample.DataProviderExample.setup(DataProviderExample.java:24)
at sun.reflect.NativeMethodAccessorImpl.invoke0(Native Method)
at sun.reflect.NativeMethodAccessorImpl.invoke(Unknown Source)
at sun.reflect.DelegatingMethodAccessorImpl.invoke(Unknown Source)
at java.lang.reflect.Method.invoke(Unknown Source)
at org.testng.internal.MethodInvocationHelper.invokeMethod(MethodInvocationHelper.java:133)
at org.testng.internal.MethodInvocationHelper.invokeMethodConsideringTimeout(MethodInvocationHelper.java:62)
at org.testng.internal.ConfigInvoker.invokeConfigurationMethod(ConfigInvoker.java:385)
at org.testng.internal.ConfigInvoker.invokeConfigurations(ConfigInvoker.java:321)
at org.testng.internal.TestInvoker.runConfigMethods(TestInvoker.java:700)
at org.testng.internal.TestInvoker.invokeMethod(TestInvoker.java:527)
at org.testng.internal.TestInvoker.invokeTestMethod(TestInvoker.java:173)
at org.testng.internal.MethodRunner.runInSequence(MethodRunner.java:46)
at org.testng.internal.TestInvoker$MethodInvocationAgent.invoke(TestInvoker.java:824)
at org.testng.internal.TestInvoker.invokeTestMethods(TestInvoker.java:146)
at org.testng.internal.TestMethodWorker.invokeTestMethods(TestMethodWorker.java:146)
at org.testng.internal.TestMethodWorker.run(TestMethodWorker.java:128)
at java.util.ArrayList.forEach(Unknown Source)
at org.testng.TestRunner.privateRun(TestRunner.java:794)
at org.testng.TestRunner.run(TestRunner.java:596)
at org.testng.SuiteRunner.runTest(SuiteRunner.java:377)
at org.testng.SuiteRunner.runSequentially(SuiteRunner.java:371)
at org.testng.SuiteRunner.privateRun(SuiteRunner.java:332)
at org.testng.SuiteRunner.run(SuiteRunner.java:276)
at org.testng.SuiteRunnerWorker.runSuite(SuiteRunnerWorker.java:53)
at org.testng.SuiteRunnerWorker.run(SuiteRunnerWorker.java:96)
at org.testng.TestNG.runSuitesSequentially(TestNG.java:1212)
at org.testng.TestNG.runSuitesLocally(TestNG.java:1134)
at org.testng.TestNG.runSuites(TestNG.java:1063)
at org.testng.TestNG.run(TestNG.java:1031)
at org.testng.remote.AbstractRemoteTestNG.run(AbstractRemoteTestNG.java:115)
at org.testng.remote.RemoteTestNG.initAndRun(RemoteTestNG.java:251)
at org.testng.remote.RemoteTestNG.main(RemoteTestNG.java:77)
]]>
            </full-stacktrace>
          </exception> <!-- org.openqa.selenium.SessionNotCreatedException -->
          <reporter-output>
          </reporter-output>
        </test-method> <!-- facebookLoginPage -->
        <test-method status="SKIP" signature="closing()[pri:0, instance:com.dataProviderExample.DataProviderExample@646d64ab]" name="closing" is-config="true" duration-ms="-1627635281009" started-at="2021-07-30T14:24:41 IST" finished-at="1970-01-01T05:30:00 IST">
          <reporter-output>
          </reporter-output>
        </test-method> <!-- closing -->
        <test-method status="SKIP" signature="setup()[pri:0, instance:com.dataProviderExample.DataProviderExample@646d64ab]" name="setup" is-config="true" duration-ms="-1627635281013" started-at="2021-07-30T14:24:41 IST" finished-at="1970-01-01T05:30:00 IST">
          <reporter-output>
          </reporter-output>
        </test-method> <!-- setup -->
        <test-method status="SKIP" signature="facebookLoginPage(java.lang.String,java.lang.String)[pri:0, instance:com.dataProviderExample.DataProviderExample@646d64ab]" name="facebookLoginPage" duration-ms="0" started-at="2021-07-30T14:24:41 IST" data-provider="dataFromExcel" finished-at="2021-07-30T14:24:41 IST">
          <params>
            <param index="0">
              <value>
                <![CDATA[leo]]>
              </value>
            </param>
            <param index="1">
              <value>
                <![CDATA[capri]]>
              </value>
            </param>
          </params>
          <exception class="org.openqa.selenium.SessionNotCreatedException">
            <message>
              <![CDATA[session not created: This version of ChromeDriver only supports Chrome version 90
Current browser version is 92.0.4515.107 with binary path C:\Program Files (x86)\Google\Chrome\Application\chrome.exe
Build info: version: '3.141.59', revision: 'e82be7d358', time: '2018-11-14T08:25:53'
System info: host: 'NAGARAJ-PC', ip: '192.168.43.97', os.name: 'Windows 7', os.arch: 'amd64', os.version: '6.1', java.version: '1.8.0_201'
Driver info: driver.version: ChromeDriver
remote stacktrace: Backtrace:
Ordinal0 [0x00E0C013+2474003]
Ordinal0 [0x00DA29C1+2042305]
Ordinal0 [0x00CB2F68+1060712]
Ordinal0 [0x00CD188E+1185934]
Ordinal0 [0x00CCD600+1168896]
Ordinal0 [0x00CCAA83+1157763]
Ordinal0 [0x00CFA2A2+1352354]
Ordinal0 [0x00CF8FAA+1347498]
Ordinal0 [0x00CF66DB+1337051]
Ordinal0 [0x00CD3427+1192999]
Ordinal0 [0x00CD42EE+1196782]
Ordinal0 [0x00CD4279+1196665]
GetHandleVerifier [0x00F996FC+1590332]
GetHandleVerifier [0x01048614+2306900]
GetHandleVerifier [0x00E99E93+543699]
GetHandleVerifier [0x00E992CE+540686]
Ordinal0 [0x00DA86BA+2066106]
Ordinal0 [0x00DAD1C8+2085320]
Ordinal0 [0x00DAD308+2085640]
Ordinal0 [0x00DB67F3+2123763]
BaseThreadInitThunk [0x74BC33AA+18]
RtlInitializeExceptionChain [0x77029F72+99]
RtlInitializeExceptionChain [0x77029F45+54]
]]>
            </message>
            <full-stacktrace>
              <![CDATA[org.openqa.selenium.SessionNotCreatedException: session not created: This version of ChromeDriver only supports Chrome version 90
Current browser version is 92.0.4515.107 with binary path C:\Program Files (x86)\Google\Chrome\Application\chrome.exe
Build info: version: '3.141.59', revision: 'e82be7d358', time: '2018-11-14T08:25:53'
System info: host: 'NAGARAJ-PC', ip: '192.168.43.97', os.name: 'Windows 7', os.arch: 'amd64', os.version: '6.1', java.version: '1.8.0_201'
Driver info: driver.version: ChromeDriver
remote stacktrace: Backtrace:
Ordinal0 [0x00E0C013+2474003]
Ordinal0 [0x00DA29C1+2042305]
Ordinal0 [0x00CB2F68+1060712]
Ordinal0 [0x00CD188E+1185934]
Ordinal0 [0x00CCD600+1168896]
Ordinal0 [0x00CCAA83+1157763]
Ordinal0 [0x00CFA2A2+1352354]
Ordinal0 [0x00CF8FAA+1347498]
Ordinal0 [0x00CF66DB+1337051]
Ordinal0 [0x00CD3427+1192999]
Ordinal0 [0x00CD42EE+1196782]
Ordinal0 [0x00CD4279+1196665]
GetHandleVerifier [0x00F996FC+1590332]
GetHandleVerifier [0x01048614+2306900]
GetHandleVerifier [0x00E99E93+543699]
GetHandleVerifier [0x00E992CE+540686]
Ordinal0 [0x00DA86BA+2066106]
Ordinal0 [0x00DAD1C8+2085320]
Ordinal0 [0x00DAD308+2085640]
Ordinal0 [0x00DB67F3+2123763]
BaseThreadInitThunk [0x74BC33AA+18]
RtlInitializeExceptionChain [0x77029F72+99]
RtlInitializeExceptionChain [0x77029F45+54]

at sun.reflect.NativeConstructorAccessorImpl.newInstance0(Native Method)
at sun.reflect.NativeConstructorAccessorImpl.newInstance(Unknown Source)
at sun.reflect.DelegatingConstructorAccessorImpl.newInstance(Unknown Source)
at java.lang.reflect.Constructor.newInstance(Unknown Source)
at org.openqa.selenium.remote.W3CHandshakeResponse.lambda$errorHandler$0(W3CHandshakeResponse.java:62)
at org.openqa.selenium.remote.HandshakeResponse.lambda$getResponseFunction$0(HandshakeResponse.java:30)
at org.openqa.selenium.remote.ProtocolHandshake.lambda$createSession$0(ProtocolHandshake.java:126)
at java.util.stream.ReferencePipeline$3$1.accept(Unknown Source)
at java.util.Spliterators$ArraySpliterator.tryAdvance(Unknown Source)
at java.util.stream.ReferencePipeline.forEachWithCancel(Unknown Source)
at java.util.stream.AbstractPipeline.copyIntoWithCancel(Unknown Source)
at java.util.stream.AbstractPipeline.copyInto(Unknown Source)
at java.util.stream.AbstractPipeline.wrapAndCopyInto(Unknown Source)
at java.util.stream.FindOps$FindOp.evaluateSequential(Unknown Source)
at java.util.stream.AbstractPipeline.evaluate(Unknown Source)
at java.util.stream.ReferencePipeline.findFirst(Unknown Source)
at org.openqa.selenium.remote.ProtocolHandshake.createSession(ProtocolHandshake.java:128)
at org.openqa.selenium.remote.ProtocolHandshake.createSession(ProtocolHandshake.java:74)
at org.openqa.selenium.remote.HttpCommandExecutor.execute(HttpCommandExecutor.java:136)
at org.openqa.selenium.remote.service.DriverCommandExecutor.execute(DriverCommandExecutor.java:83)
at org.openqa.selenium.remote.RemoteWebDriver.execute(RemoteWebDriver.java:552)
at org.openqa.selenium.remote.RemoteWebDriver.startSession(RemoteWebDriver.java:213)
at org.openqa.selenium.remote.RemoteWebDriver.<init>(RemoteWebDriver.java:131)
at org.openqa.selenium.chrome.ChromeDriver.<init>(ChromeDriver.java:181)
at org.openqa.selenium.chrome.ChromeDriver.<init>(ChromeDriver.java:168)
at org.openqa.selenium.chrome.ChromeDriver.<init>(ChromeDriver.java:123)
at com.dataProviderExample.DataProviderExample.setup(DataProviderExample.java:24)
at sun.reflect.NativeMethodAccessorImpl.invoke0(Native Method)
at sun.reflect.NativeMethodAccessorImpl.invoke(Unknown Source)
at sun.reflect.DelegatingMethodAccessorImpl.invoke(Unknown Source)
at java.lang.reflect.Method.invoke(Unknown Source)
at org.testng.internal.MethodInvocationHelper.invokeMethod(MethodInvocationHelper.java:133)
at org.testng.internal.MethodInvocationHelper.invokeMethodConsideringTimeout(MethodInvocationHelper.java:62)
at org.testng.internal.ConfigInvoker.invokeConfigurationMethod(ConfigInvoker.java:385)
at org.testng.internal.ConfigInvoker.invokeConfigurations(ConfigInvoker.java:321)
at org.testng.internal.TestInvoker.runConfigMethods(TestInvoker.java:700)
at org.testng.internal.TestInvoker.invokeMethod(TestInvoker.java:527)
at org.testng.internal.TestInvoker.invokeTestMethod(TestInvoker.java:173)
at org.testng.internal.MethodRunner.runInSequence(MethodRunner.java:46)
at org.testng.internal.TestInvoker$MethodInvocationAgent.invoke(TestInvoker.java:824)
at org.testng.internal.TestInvoker.invokeTestMethods(TestInvoker.java:146)
at org.testng.internal.TestMethodWorker.invokeTestMethods(TestMethodWorker.java:146)
at org.testng.internal.TestMethodWorker.run(TestMethodWorker.java:128)
at java.util.ArrayList.forEach(Unknown Source)
at org.testng.TestRunner.privateRun(TestRunner.java:794)
at org.testng.TestRunner.run(TestRunner.java:596)
at org.testng.SuiteRunner.runTest(SuiteRunner.java:377)
at org.testng.SuiteRunner.runSequentially(SuiteRunner.java:371)
at org.testng.SuiteRunner.privateRun(SuiteRunner.java:332)
at org.testng.SuiteRunner.run(SuiteRunner.java:276)
at org.testng.SuiteRunnerWorker.runSuite(SuiteRunnerWorker.java:53)
at org.testng.SuiteRunnerWorker.run(SuiteRunnerWorker.java:96)
at org.testng.TestNG.runSuitesSequentially(TestNG.java:1212)
at org.testng.TestNG.runSuitesLocally(TestNG.java:1134)
at org.testng.TestNG.runSuites(TestNG.java:1063)
at org.testng.TestNG.run(TestNG.java:1031)
at org.testng.remote.AbstractRemoteTestNG.run(AbstractRemoteTestNG.java:115)
at org.testng.remote.RemoteTestNG.initAndRun(RemoteTestNG.java:251)
at org.testng.remote.RemoteTestNG.main(RemoteTestNG.java:77)
]]>
            </full-stacktrace>
          </exception> <!-- org.openqa.selenium.SessionNotCreatedException -->
          <reporter-output>
          </reporter-output>
        </test-method> <!-- facebookLoginPage -->
        <test-method status="SKIP" signature="closing()[pri:0, instance:com.dataProviderExample.DataProviderExample@646d64ab]" name="closing" is-config="true" duration-ms="-1627635281045" started-at="2021-07-30T14:24:41 IST" finished-at="1970-01-01T05:30:00 IST">
          <reporter-output>
          </reporter-output>
        </test-method> <!-- closing -->
      </class> <!-- com.dataProviderExample.DataProviderExample -->
    </test> <!-- Default test -->
  </suite> <!-- Default suite -->
</testng-results>
